{"timestamp":"2026-01-22T13:51:24.837Z","level":"warn","message":"SMS Phone API key not configured, SMS service will be disabled","metadata":{}}
{"timestamp":"2026-01-22T13:51:36.441Z","level":"warn","message":"SMS Phone API key not configured, SMS service will be disabled","metadata":{}}
{"timestamp":"2026-01-22T13:51:36.450Z","level":"info","message":"SMS service not configured, logging message instead","metadata":{"to":"+233596123350","message":"Test message from SMS Phone API integration"}}
{"timestamp":"2026-01-22T14:53:23.606Z","level":"info","message":"SMS Phone API service initialized successfully","metadata":{}}
{"timestamp":"2026-01-22T14:59:45.418Z","level":"info","message":"Payment initialization started","metadata":{"userId":3,"planId":"2","phoneNumber":"0596123350","paymentMethod":"paystack","confirmationMethod":"sms"}}
{"timestamp":"2026-01-22T14:59:45.680Z","level":"info","message":"Initializing payment","metadata":{"email":"kake@gmail.com","amount":8.925,"metadata":{"user_id":3,"plan_id":2,"phone_number":"0596123350","network":"mtn","confirmation_method":"sms","confirmation_contact":"0596123350"}}}
{"timestamp":"2026-01-22T14:59:46.236Z","level":"info","message":"Payment initialization started","metadata":{"userId":3,"planId":"2","phoneNumber":"0596123350","paymentMethod":"paystack","confirmationMethod":"sms"}}
{"timestamp":"2026-01-22T14:59:46.512Z","level":"info","message":"Initializing payment","metadata":{"email":"kake@gmail.com","amount":8.925,"metadata":{"user_id":3,"plan_id":2,"phone_number":"0596123350","network":"mtn","confirmation_method":"sms","confirmation_contact":"0596123350"}}}
{"timestamp":"2026-01-22T14:59:46.713Z","level":"error","message":"Payment initialization failed","metadata":{"error":"Request failed with status code 401"}}
{"timestamp":"2026-01-22T14:59:46.714Z","level":"error","message":"Payment initialization error","metadata":{"error":"Payment initialization failed: Invalid key","stack":"Error: Payment initialization failed: Invalid key\n    at PaymentService.initializePayment (C:\\Users\\Gabriel\\Desktop\\DataWaves-main\\services\\paymentService.js:36:13)\n    at process.processTicksAndRejections (node:internal/process/task_queues:105:5)\n    at async C:\\Users\\Gabriel\\Desktop\\DataWaves-main\\routes\\payment.js:112:31","userId":3}}
{"timestamp":"2026-01-22T14:59:47.450Z","level":"error","message":"Payment initialization failed","metadata":{"error":"Request failed with status code 401"}}
{"timestamp":"2026-01-22T14:59:47.451Z","level":"error","message":"Payment initialization error","metadata":{"error":"Payment initialization failed: Invalid key","stack":"Error: Payment initialization failed: Invalid key\n    at PaymentService.initializePayment (C:\\Users\\Gabriel\\Desktop\\DataWaves-main\\services\\paymentService.js:36:13)\n    at process.processTicksAndRejections (node:internal/process/task_queues:105:5)\n    at async C:\\Users\\Gabriel\\Desktop\\DataWaves-main\\routes\\payment.js:112:31","userId":3}}
{"timestamp":"2026-01-22T15:12:18.177Z","level":"info","message":"Payment initialization started","metadata":{"userId":3,"planId":"1","phoneNumber":"0596123350","paymentMethod":"paystack","confirmationMethod":"both"}}
{"timestamp":"2026-01-22T15:12:20.323Z","level":"info","message":"Initializing payment","metadata":{"email":"kake@gmail.com","amount":5.775,"metadata":{"user_id":3,"plan_id":1,"phone_number":"0596123350","network":"mtn","confirmation_method":"both","confirmation_contact":"0596123350"}}}
{"timestamp":"2026-01-22T15:12:21.575Z","level":"error","message":"Payment initialization failed","metadata":{"error":"Request failed with status code 401"}}
{"timestamp":"2026-01-22T15:12:21.576Z","level":"error","message":"Payment initialization error","metadata":{"error":"Payment initialization failed: Invalid key","stack":"Error: Payment initialization failed: Invalid key\n    at PaymentService.initializePayment (C:\\Users\\Gabriel\\Desktop\\DataWaves-main\\services\\paymentService.js:36:13)\n    at process.processTicksAndRejections (node:internal/process/task_queues:105:5)\n    at async C:\\Users\\Gabriel\\Desktop\\DataWaves-main\\routes\\payment.js:112:31","userId":3}}
{"timestamp":"2026-01-22T15:12:29.265Z","level":"info","message":"Payment initialization started","metadata":{"userId":3,"planId":"1","phoneNumber":"0596123350","paymentMethod":"paystack","confirmationMethod":"both"}}
{"timestamp":"2026-01-22T15:12:29.654Z","level":"info","message":"Initializing payment","metadata":{"email":"kake@gmail.com","amount":5.775,"metadata":{"user_id":3,"plan_id":1,"phone_number":"0596123350","network":"mtn","confirmation_method":"both","confirmation_contact":"0596123350"}}}
{"timestamp":"2026-01-22T15:12:30.585Z","level":"error","message":"Payment initialization failed","metadata":{"error":"Request failed with status code 401"}}
{"timestamp":"2026-01-22T15:12:30.586Z","level":"error","message":"Payment initialization error","metadata":{"error":"Payment initialization failed: Invalid key","stack":"Error: Payment initialization failed: Invalid key\n    at PaymentService.initializePayment (C:\\Users\\Gabriel\\Desktop\\DataWaves-main\\services\\paymentService.js:36:13)\n    at process.processTicksAndRejections (node:internal/process/task_queues:105:5)\n    at async C:\\Users\\Gabriel\\Desktop\\DataWaves-main\\routes\\payment.js:112:31","userId":3}}
{"timestamp":"2026-01-22T16:30:33.747Z","level":"info","message":"SMS Phone API service initialized successfully","metadata":{}}
{"timestamp":"2026-01-22T17:04:49.458Z","level":"info","message":"Payment initialization started","metadata":{"userId":3,"planId":"1","phoneNumber":"0596123350","paymentMethod":"paystack","confirmationMethod":"both"}}
{"timestamp":"2026-01-22T17:04:51.696Z","level":"info","message":"Initializing payment","metadata":{"email":"kake@gmail.com","amount":5.775,"metadata":{"user_id":3,"plan_id":1,"phone_number":"0596123350","network":"mtn","confirmation_method":"both","confirmation_contact":"0596123350","user_email":"kake@gmail.com"}}}
{"timestamp":"2026-01-22T17:04:52.669Z","level":"error","message":"Payment initialization failed","metadata":{"error":"Request failed with status code 401"}}
{"timestamp":"2026-01-22T17:04:52.680Z","level":"error","message":"Payment initialization error","metadata":{"error":"Payment initialization failed: Invalid key","stack":"Error: Payment initialization failed: Invalid key\n    at PaymentService.initializePayment (C:\\Users\\Gabriel\\Desktop\\DataWaves-main\\services\\paymentService.js:36:13)\n    at process.processTicksAndRejections (node:internal/process/task_queues:105:5)\n    at async C:\\Users\\Gabriel\\Desktop\\DataWaves-main\\routes\\payment.js:77:29","userId":3}}
